[1/14] Building C object esp-idf/mongoose/CMakeFiles/__idf_mongoose.dir/mongoose.c.obj
FAILED: esp-idf/mongoose/CMakeFiles/__idf_mongoose.dir/mongoose.c.obj 
/home/tjc/.espressif/tools/xtensa-esp-elf/esp-13.2.0_20240530/xtensa-esp-elf/bin/xtensa-esp32s3-elf-gcc -DESP_PLATFORM -DIDF_VER=\"v5.3.1-dirty\" -DSOC_MMU_PAGE_SIZE=CONFIG_MMU_PAGE_SIZE -DSOC_XTAL_FREQ_MHZ=CONFIG_XTAL_FREQ -D_GLIBCXX_HAVE_POSIX_SEMAPHORE -D_GLIBCXX_USE_POSIX_SEMAPHORE -D_GNU_SOURCE -D_POSIX_READER_WRITER_LOCKS -Iconfig -I../components/mongoose -I/home/tjc/esp/esp-idf/components/newlib/platform_include -I/home/tjc/esp/esp-idf/components/freertos/config/include -I/home/tjc/esp/esp-idf/components/freertos/config/include/freertos -I/home/tjc/esp/esp-idf/components/freertos/config/xtensa/include -I/home/tjc/esp/esp-idf/components/freertos/FreeRTOS-Kernel/include -I/home/tjc/esp/esp-idf/components/freertos/FreeRTOS-Kernel/portable/xtensa/include -I/home/tjc/esp/esp-idf/components/freertos/FreeRTOS-Kernel/portable/xtensa/include/freertos -I/home/tjc/esp/esp-idf/components/freertos/esp_additions/include -I/home/tjc/esp/esp-idf/components/esp_hw_support/include -I/home/tjc/esp/esp-idf/components/esp_hw_support/include/soc -I/home/tjc/esp/esp-idf/components/esp_hw_support/include/soc/esp32s3 -I/home/tjc/esp/esp-idf/components/esp_hw_support/dma/include -I/home/tjc/esp/esp-idf/components/esp_hw_support/ldo/include -I/home/tjc/esp/esp-idf/components/esp_hw_support/port/esp32s3/. -I/home/tjc/esp/esp-idf/components/esp_hw_support/port/esp32s3/include -I/home/tjc/esp/esp-idf/components/heap/include -I/home/tjc/esp/esp-idf/components/log/include -I/home/tjc/esp/esp-idf/components/soc/include -I/home/tjc/esp/esp-idf/components/soc/esp32s3 -I/home/tjc/esp/esp-idf/components/soc/esp32s3/include -I/home/tjc/esp/esp-idf/components/hal/platform_port/include -I/home/tjc/esp/esp-idf/components/hal/esp32s3/include -I/home/tjc/esp/esp-idf/components/hal/include -I/home/tjc/esp/esp-idf/components/esp_rom/include -I/home/tjc/esp/esp-idf/components/esp_rom/include/esp32s3 -I/home/tjc/esp/esp-idf/components/esp_rom/esp32s3 -I/home/tjc/esp/esp-idf/components/esp_common/include -I/home/tjc/esp/esp-idf/components/esp_system/include -I/home/tjc/esp/esp-idf/components/esp_system/port/soc -I/home/tjc/esp/esp-idf/components/esp_system/port/include/private -I/home/tjc/esp/esp-idf/components/xtensa/esp32s3/include -I/home/tjc/esp/esp-idf/components/xtensa/include -I/home/tjc/esp/esp-idf/components/xtensa/deprecated_include -I/home/tjc/esp/esp-idf/components/lwip/include -I/home/tjc/esp/esp-idf/components/lwip/include/apps -I/home/tjc/esp/esp-idf/components/lwip/include/apps/sntp -I/home/tjc/esp/esp-idf/components/lwip/lwip/src/include -I/home/tjc/esp/esp-idf/components/lwip/port/include -I/home/tjc/esp/esp-idf/components/lwip/port/freertos/include -I/home/tjc/esp/esp-idf/components/lwip/port/esp32xx/include -I/home/tjc/esp/esp-idf/components/lwip/port/esp32xx/include/arch -I/home/tjc/esp/esp-idf/components/lwip/port/esp32xx/include/sys -mlongcalls  -fno-builtin-memcpy -fno-builtin-memset -fno-builtin-bzero -fno-builtin-stpcpy -fno-builtin-strncpy   -ffunction-sections -fdata-sections -Wall -Werror=all -Wno-error=unused-function -Wno-error=unused-variable -Wno-error=unused-but-set-variable -Wno-error=deprecated-declarations -Wextra -Wno-unused-parameter -Wno-sign-compare -Wno-enum-conversion -gdwarf-4 -ggdb -mdisable-hardware-atomics -O2 -fmacro-prefix-map=/home/tjc/esp/develop/graduation_project/AI_toy=. -fmacro-prefix-map=/home/tjc/esp/esp-idf=/IDF -fstrict-volatile-bitfields -fno-jump-tables -fno-tree-switch-conversion -std=gnu17 -Wno-old-style-declaration -MD -MT esp-idf/mongoose/CMakeFiles/__idf_mongoose.dir/mongoose.c.obj -MF esp-idf/mongoose/CMakeFiles/__idf_mongoose.dir/mongoose.c.obj.d -o esp-idf/mongoose/CMakeFiles/__idf_mongoose.dir/mongoose.c.obj   -c ../components/mongoose/mongoose.c
In file included from ../components/mongoose/mongoose.c:20:
../components/mongoose/mongoose.h:59:10: fatal error: mongoose_config.h: No such file or directory
   59 | #include "mongoose_config.h"  // keep this include
      |          ^~~~~~~~~~~~~~~~~~~
compilation terminated.
[2/14] Building C object esp-idf/app/CMakeFiles/__idf_app.dir/wifi/app_wifi_config.c.obj
FAILED: esp-idf/app/CMakeFiles/__idf_app.dir/wifi/app_wifi_config.c.obj 
/home/tjc/.espressif/tools/xtensa-esp-elf/esp-13.2.0_20240530/xtensa-esp-elf/bin/xtensa-esp32s3-elf-gcc -DESP_PLATFORM -DIDF_VER=\"v5.3.1-dirty\" -DSOC_MMU_PAGE_SIZE=CONFIG_MMU_PAGE_SIZE -DSOC_XTAL_FREQ_MHZ=CONFIG_XTAL_FREQ -D_GLIBCXX_HAVE_POSIX_SEMAPHORE -D_GLIBCXX_USE_POSIX_SEMAPHORE -D_GNU_SOURCE -D_POSIX_READER_WRITER_LOCKS -Iconfig -I../app -I../app/wifi -I/home/tjc/esp/esp-idf/components/newlib/platform_include -I/home/tjc/esp/esp-idf/components/freertos/config/include -I/home/tjc/esp/esp-idf/components/freertos/config/include/freertos -I/home/tjc/esp/esp-idf/components/freertos/config/xtensa/include -I/home/tjc/esp/esp-idf/components/freertos/FreeRTOS-Kernel/include -I/home/tjc/esp/esp-idf/components/freertos/FreeRTOS-Kernel/portable/xtensa/include -I/home/tjc/esp/esp-idf/components/freertos/FreeRTOS-Kernel/portable/xtensa/include/freertos -I/home/tjc/esp/esp-idf/components/freertos/esp_additions/include -I/home/tjc/esp/esp-idf/components/esp_hw_support/include -I/home/tjc/esp/esp-idf/components/esp_hw_support/include/soc -I/home/tjc/esp/esp-idf/components/esp_hw_support/include/soc/esp32s3 -I/home/tjc/esp/esp-idf/components/esp_hw_support/dma/include -I/home/tjc/esp/esp-idf/components/esp_hw_support/ldo/include -I/home/tjc/esp/esp-idf/components/esp_hw_support/port/esp32s3/. -I/home/tjc/esp/esp-idf/components/esp_hw_support/port/esp32s3/include -I/home/tjc/esp/esp-idf/components/heap/include -I/home/tjc/esp/esp-idf/components/log/include -I/home/tjc/esp/esp-idf/components/soc/include -I/home/tjc/esp/esp-idf/components/soc/esp32s3 -I/home/tjc/esp/esp-idf/components/soc/esp32s3/include -I/home/tjc/esp/esp-idf/components/hal/platform_port/include -I/home/tjc/esp/esp-idf/components/hal/esp32s3/include -I/home/tjc/esp/esp-idf/components/hal/include -I/home/tjc/esp/esp-idf/components/esp_rom/include -I/home/tjc/esp/esp-idf/components/esp_rom/include/esp32s3 -I/home/tjc/esp/esp-idf/components/esp_rom/esp32s3 -I/home/tjc/esp/esp-idf/components/esp_common/include -I/home/tjc/esp/esp-idf/components/esp_system/include -I/home/tjc/esp/esp-idf/components/esp_system/port/soc -I/home/tjc/esp/esp-idf/components/esp_system/port/include/private -I/home/tjc/esp/esp-idf/components/xtensa/esp32s3/include -I/home/tjc/esp/esp-idf/components/xtensa/include -I/home/tjc/esp/esp-idf/components/xtensa/deprecated_include -I/home/tjc/esp/esp-idf/components/lwip/include -I/home/tjc/esp/esp-idf/components/lwip/include/apps -I/home/tjc/esp/esp-idf/components/lwip/include/apps/sntp -I/home/tjc/esp/esp-idf/components/lwip/lwip/src/include -I/home/tjc/esp/esp-idf/components/lwip/port/include -I/home/tjc/esp/esp-idf/components/lwip/port/freertos/include -I/home/tjc/esp/esp-idf/components/lwip/port/esp32xx/include -I/home/tjc/esp/esp-idf/components/lwip/port/esp32xx/include/arch -I/home/tjc/esp/esp-idf/components/lwip/port/esp32xx/include/sys -mlongcalls  -fno-builtin-memcpy -fno-builtin-memset -fno-builtin-bzero -fno-builtin-stpcpy -fno-builtin-strncpy   -ffunction-sections -fdata-sections -Wall -Werror=all -Wno-error=unused-function -Wno-error=unused-variable -Wno-error=unused-but-set-variable -Wno-error=deprecated-declarations -Wextra -Wno-unused-parameter -Wno-sign-compare -Wno-enum-conversion -gdwarf-4 -ggdb -mdisable-hardware-atomics -O2 -fmacro-prefix-map=/home/tjc/esp/develop/graduation_project/AI_toy=. -fmacro-prefix-map=/home/tjc/esp/esp-idf=/IDF -fstrict-volatile-bitfields -fno-jump-tables -fno-tree-switch-conversion -std=gnu17 -Wno-old-style-declaration -MD -MT esp-idf/app/CMakeFiles/__idf_app.dir/wifi/app_wifi_config.c.obj -MF esp-idf/app/CMakeFiles/__idf_app.dir/wifi/app_wifi_config.c.obj.d -o esp-idf/app/CMakeFiles/__idf_app.dir/wifi/app_wifi_config.c.obj   -c ../app/wifi/app_wifi_config.c
../app/wifi/app_wifi_config.c:5:10: fatal error: esp_wifi.h: No such file or directory
    5 | #include "esp_wifi.h"
      |          ^~~~~~~~~~~~
compilation terminated.
[3/14] Building C object esp-idf/app/CMakeFiles/__idf_app.dir/websocket.c.obj
FAILED: esp-idf/app/CMakeFiles/__idf_app.dir/websocket.c.obj 
/home/tjc/.espressif/tools/xtensa-esp-elf/esp-13.2.0_20240530/xtensa-esp-elf/bin/xtensa-esp32s3-elf-gcc -DESP_PLATFORM -DIDF_VER=\"v5.3.1-dirty\" -DSOC_MMU_PAGE_SIZE=CONFIG_MMU_PAGE_SIZE -DSOC_XTAL_FREQ_MHZ=CONFIG_XTAL_FREQ -D_GLIBCXX_HAVE_POSIX_SEMAPHORE -D_GLIBCXX_USE_POSIX_SEMAPHORE -D_GNU_SOURCE -D_POSIX_READER_WRITER_LOCKS -Iconfig -I../app -I../app/wifi -I/home/tjc/esp/esp-idf/components/newlib/platform_include -I/home/tjc/esp/esp-idf/components/freertos/config/include -I/home/tjc/esp/esp-idf/components/freertos/config/include/freertos -I/home/tjc/esp/esp-idf/components/freertos/config/xtensa/include -I/home/tjc/esp/esp-idf/components/freertos/FreeRTOS-Kernel/include -I/home/tjc/esp/esp-idf/components/freertos/FreeRTOS-Kernel/portable/xtensa/include -I/home/tjc/esp/esp-idf/components/freertos/FreeRTOS-Kernel/portable/xtensa/include/freertos -I/home/tjc/esp/esp-idf/components/freertos/esp_additions/include -I/home/tjc/esp/esp-idf/components/esp_hw_support/include -I/home/tjc/esp/esp-idf/components/esp_hw_support/include/soc -I/home/tjc/esp/esp-idf/components/esp_hw_support/include/soc/esp32s3 -I/home/tjc/esp/esp-idf/components/esp_hw_support/dma/include -I/home/tjc/esp/esp-idf/components/esp_hw_support/ldo/include -I/home/tjc/esp/esp-idf/components/esp_hw_support/port/esp32s3/. -I/home/tjc/esp/esp-idf/components/esp_hw_support/port/esp32s3/include -I/home/tjc/esp/esp-idf/components/heap/include -I/home/tjc/esp/esp-idf/components/log/include -I/home/tjc/esp/esp-idf/components/soc/include -I/home/tjc/esp/esp-idf/components/soc/esp32s3 -I/home/tjc/esp/esp-idf/components/soc/esp32s3/include -I/home/tjc/esp/esp-idf/components/hal/platform_port/include -I/home/tjc/esp/esp-idf/components/hal/esp32s3/include -I/home/tjc/esp/esp-idf/components/hal/include -I/home/tjc/esp/esp-idf/components/esp_rom/include -I/home/tjc/esp/esp-idf/components/esp_rom/include/esp32s3 -I/home/tjc/esp/esp-idf/components/esp_rom/esp32s3 -I/home/tjc/esp/esp-idf/components/esp_common/include -I/home/tjc/esp/esp-idf/components/esp_system/include -I/home/tjc/esp/esp-idf/components/esp_system/port/soc -I/home/tjc/esp/esp-idf/components/esp_system/port/include/private -I/home/tjc/esp/esp-idf/components/xtensa/esp32s3/include -I/home/tjc/esp/esp-idf/components/xtensa/include -I/home/tjc/esp/esp-idf/components/xtensa/deprecated_include -I/home/tjc/esp/esp-idf/components/lwip/include -I/home/tjc/esp/esp-idf/components/lwip/include/apps -I/home/tjc/esp/esp-idf/components/lwip/include/apps/sntp -I/home/tjc/esp/esp-idf/components/lwip/lwip/src/include -I/home/tjc/esp/esp-idf/components/lwip/port/include -I/home/tjc/esp/esp-idf/components/lwip/port/freertos/include -I/home/tjc/esp/esp-idf/components/lwip/port/esp32xx/include -I/home/tjc/esp/esp-idf/components/lwip/port/esp32xx/include/arch -I/home/tjc/esp/esp-idf/components/lwip/port/esp32xx/include/sys -mlongcalls  -fno-builtin-memcpy -fno-builtin-memset -fno-builtin-bzero -fno-builtin-stpcpy -fno-builtin-strncpy   -ffunction-sections -fdata-sections -Wall -Werror=all -Wno-error=unused-function -Wno-error=unused-variable -Wno-error=unused-but-set-variable -Wno-error=deprecated-declarations -Wextra -Wno-unused-parameter -Wno-sign-compare -Wno-enum-conversion -gdwarf-4 -ggdb -mdisable-hardware-atomics -O2 -fmacro-prefix-map=/home/tjc/esp/develop/graduation_project/AI_toy=. -fmacro-prefix-map=/home/tjc/esp/esp-idf=/IDF -fstrict-volatile-bitfields -fno-jump-tables -fno-tree-switch-conversion -std=gnu17 -Wno-old-style-declaration -MD -MT esp-idf/app/CMakeFiles/__idf_app.dir/websocket.c.obj -MF esp-idf/app/CMakeFiles/__idf_app.dir/websocket.c.obj.d -o esp-idf/app/CMakeFiles/__idf_app.dir/websocket.c.obj   -c ../app/websocket.c
In file included from ../app/websocket.c:4:
../app/websocket.h:4:10: fatal error: mongoose.h: No such file or directory
    4 | #include "mongoose.h"
      |          ^~~~~~~~~~~~
compilation terminated.
[4/14] Performing build step for 'bootloader'
[1/1] cd /home/tjc/esp/develop/graduation_project/AI_toy/build/bootloader/esp-idf/esptool_py && /home/tjc/.espressif/python_env/idf5.3_py3.8_env/bin/python /home/tjc/esp/esp-idf/components/partition_table/check_sizes.py --offset 0x8000 bootloader 0x0 /home/tjc/esp/develop/graduation_project/AI_toy/build/bootloader/bootloader.bin
Bootloader binary size 0x5810 bytes. 0x27f0 bytes (31%) free.
ninja: build stopped: subcommand failed.
